<?xml version="1.0" encoding="UTF-8"?>
<testng-results ignored="0" total="1" passed="1" failed="0" skipped="0">
  <reporter-output>
  </reporter-output>
  <suite started-at="2023-04-12T15:46:41 IST" name="Default suite" finished-at="2023-04-12T15:46:45 IST" duration-ms="4161">
    <groups>
    </groups>
    <test started-at="2023-04-12T15:46:41 IST" name="Default test" finished-at="2023-04-12T15:46:45 IST" duration-ms="4161">
      <class name="restAssuredTests.DemoTest_PostRequest">
        <test-method signature="userDetails()[pri:0, instance:restAssuredTests.DemoTest_PostRequest@1afd44cb]" started-at="2023-04-12T15:46:41 IST" name="userDetails" finished-at="2023-04-12T15:46:45 IST" duration-ms="4092" status="PASS">
          <reporter-output>
          </reporter-output>
        </test-method> <!-- userDetails -->
      </class> <!-- restAssuredTests.DemoTest_PostRequest -->
    </test> <!-- Default test -->
  </suite> <!-- Default suite -->
</testng-results>
